2023-04-20 04:26:53,193 : ***** Transfer task : MR *****


2023-04-20 04:29:46,035 : Generating sentence embeddings
2023-04-20 04:29:48,092 : Generated sentence embeddings
2023-04-20 04:29:48,093 : Training pytorch-MLP-nhid0-adam-bs64 with (inner) 10-fold cross-validation
2023-04-20 04:32:34,229 : Best param found at split 1: l2reg = 1e-05                 with score 70.15
2023-04-20 04:35:26,570 : Best param found at split 2: l2reg = 1e-05                 with score 70.04
2023-04-20 04:38:16,695 : Best param found at split 3: l2reg = 0.0001                 with score 69.41
2023-04-20 04:41:08,273 : Best param found at split 4: l2reg = 0.0001                 with score 69.56
2023-04-20 04:44:00,815 : Best param found at split 5: l2reg = 1e-05                 with score 69.9
2023-04-20 04:46:53,584 : Best param found at split 6: l2reg = 1e-05                 with score 69.57
2023-04-20 04:49:44,508 : Best param found at split 7: l2reg = 1e-05                 with score 69.75
2023-04-20 04:52:27,030 : Best param found at split 8: l2reg = 0.0001                 with score 69.75
2023-04-20 04:55:19,294 : Best param found at split 9: l2reg = 1e-05                 with score 70.03
2023-04-20 04:58:13,032 : Best param found at split 10: l2reg = 0.0001                 with score 69.49
2023-04-20 04:58:17,713 : Dev acc : 69.76 Test acc : 68.91

2023-04-20 04:58:17,719 : ***** Transfer task : CR *****


2023-04-20 05:00:59,832 : Generating sentence embeddings
2023-04-20 05:01:00,452 : Generated sentence embeddings
2023-04-20 05:01:00,452 : Training pytorch-MLP-nhid0-adam-bs64 with (inner) 10-fold cross-validation
2023-04-20 05:01:57,921 : Best param found at split 1: l2reg = 0.0001                 with score 75.65
2023-04-20 05:02:54,786 : Best param found at split 2: l2reg = 1e-05                 with score 74.98
2023-04-20 05:03:53,877 : Best param found at split 3: l2reg = 1e-05                 with score 75.18
2023-04-20 05:04:49,880 : Best param found at split 4: l2reg = 1e-05                 with score 74.77
2023-04-20 05:05:48,871 : Best param found at split 5: l2reg = 1e-05                 with score 74.74
2023-04-20 05:06:47,843 : Best param found at split 6: l2reg = 1e-05                 with score 75.51
2023-04-20 05:07:46,111 : Best param found at split 7: l2reg = 1e-05                 with score 74.84
2023-04-20 05:08:41,245 : Best param found at split 8: l2reg = 1e-05                 with score 75.75
2023-04-20 05:09:43,673 : Best param found at split 9: l2reg = 1e-05                 with score 75.01
2023-04-20 05:10:42,914 : Best param found at split 10: l2reg = 1e-05                 with score 75.37
2023-04-20 05:10:44,584 : Dev acc : 75.18 Test acc : 73.93

2023-04-20 05:10:44,587 : ***** Transfer task : SUBJ *****


2023-04-20 05:13:39,700 : Generating sentence embeddings
2023-04-20 05:13:41,537 : Generated sentence embeddings
2023-04-20 05:13:41,537 : Training pytorch-MLP-nhid0-adam-bs64 with (inner) 10-fold cross-validation
2023-04-20 05:16:37,811 : Best param found at split 1: l2reg = 1e-05                 with score 83.91
2023-04-20 05:19:36,172 : Best param found at split 2: l2reg = 1e-05                 with score 84.16
2023-04-20 05:22:38,788 : Best param found at split 3: l2reg = 0.0001                 with score 84.04
2023-04-20 05:25:41,579 : Best param found at split 4: l2reg = 0.0001                 with score 84.18
2023-04-20 05:28:40,311 : Best param found at split 5: l2reg = 1e-05                 with score 84.03
2023-04-20 05:31:42,483 : Best param found at split 6: l2reg = 1e-05                 with score 84.33
2023-04-20 05:34:55,110 : Best param found at split 7: l2reg = 1e-05                 with score 84.49
2023-04-20 05:38:08,567 : Best param found at split 8: l2reg = 1e-05                 with score 84.13
2023-04-20 05:41:15,057 : Best param found at split 9: l2reg = 0.0001                 with score 84.18
2023-04-20 05:44:18,114 : Best param found at split 10: l2reg = 1e-05                 with score 84.11
2023-04-20 05:44:22,482 : Dev acc : 84.16 Test acc : 83.33

2023-04-20 05:44:22,490 : ***** Transfer task : MPQA *****


2023-04-20 05:47:02,412 : Generating sentence embeddings
2023-04-20 05:47:02,956 : Generated sentence embeddings
2023-04-20 05:47:02,957 : Training pytorch-MLP-nhid0-adam-bs64 with (inner) 10-fold cross-validation
2023-04-20 05:49:41,786 : Best param found at split 1: l2reg = 1e-05                 with score 83.83
2023-04-20 05:52:23,717 : Best param found at split 2: l2reg = 1e-05                 with score 83.67
2023-04-20 05:55:03,740 : Best param found at split 3: l2reg = 0.0001                 with score 83.43
2023-04-20 05:57:44,053 : Best param found at split 4: l2reg = 1e-05                 with score 83.62
2023-04-20 06:00:28,861 : Best param found at split 5: l2reg = 0.0001                 with score 83.68
2023-04-20 06:03:11,193 : Best param found at split 6: l2reg = 0.0001                 with score 83.83
2023-04-20 06:05:51,280 : Best param found at split 7: l2reg = 1e-05                 with score 83.86
2023-04-20 06:08:30,002 : Best param found at split 8: l2reg = 1e-05                 with score 83.56
2023-04-20 06:11:09,285 : Best param found at split 9: l2reg = 0.0001                 with score 83.63
2023-04-20 06:13:53,251 : Best param found at split 10: l2reg = 1e-05                 with score 83.68
2023-04-20 06:13:58,628 : Dev acc : 83.68 Test acc : 82.92

2023-04-20 06:13:58,631 : ***** Transfer task : SST Binary classification *****


2023-04-20 06:17:12,621 : Computing embedding for train
2023-04-20 06:17:19,050 : Computed train embeddings
2023-04-20 06:17:19,050 : Computing embedding for dev
2023-04-20 06:17:19,234 : Computed dev embeddings
2023-04-20 06:17:19,235 : Computing embedding for test
2023-04-20 06:17:19,502 : Computed test embeddings
2023-04-20 06:17:19,503 : Training pytorch-MLP-nhid0-adam-bs64 with standard validation..
2023-04-20 06:18:57,800 : [('reg:1e-05', 73.74), ('reg:0.0001', 73.05), ('reg:0.001', 71.9), ('reg:0.01', 69.04)]
2023-04-20 06:18:57,801 : Validation : best param found is reg = 1e-05 with score             73.74
2023-04-20 06:18:57,801 : Evaluating...
2023-04-20 06:19:24,637 : 
Dev acc : 73.74 Test acc : 73.26 for             SST Binary classification

2023-04-20 06:19:24,640 : ***** Transfer task : TREC *****


2023-04-20 06:22:05,085 : Computed train embeddings
2023-04-20 06:22:05,122 : Computed test embeddings
2023-04-20 06:22:05,122 : Training pytorch-MLP-nhid0-adam-bs64 with 10-fold cross-validation
2023-04-20 06:23:55,856 : [('reg:1e-05', 67.24), ('reg:0.0001', 66.45), ('reg:0.001', 63.13), ('reg:0.01', 54.24)]
2023-04-20 06:23:55,856 : Cross-validation : best param found is reg = 1e-05             with score 67.24
2023-04-20 06:23:55,856 : Evaluating...
2023-04-20 06:23:59,643 : 
Dev acc : 67.24 Test acc : 71.8             for TREC

2023-04-20 06:23:59,645 : ***** Transfer task : MRPC *****


2023-04-20 06:26:50,146 : Computing embedding for train
2023-04-20 06:26:51,558 : Computed train embeddings
2023-04-20 06:26:51,559 : Computing embedding for test
2023-04-20 06:26:52,142 : Computed test embeddings
2023-04-20 06:26:52,306 : Training pytorch-MLP-nhid0-adam-bs64 with 10-fold cross-validation
2023-04-20 06:27:57,864 : [('reg:1e-05', 71.44), ('reg:0.0001', 71.17), ('reg:0.001', 70.56), ('reg:0.01', 69.46)]
2023-04-20 06:27:57,864 : Cross-validation : best param found is reg = 1e-05             with score 71.44
2023-04-20 06:27:57,864 : Evaluating...
2023-04-20 06:27:59,383 : Dev acc : 71.44 Test acc 70.14; Test F1 79.84 for MRPC.

2023-04-20 06:27:59,385 : ***** Transfer task : SICK-Relatedness*****


2023-04-20 06:30:43,313 : Computing embedding for train
2023-04-20 06:30:44,174 : Computed train embeddings
2023-04-20 06:30:44,174 : Computing embedding for dev
2023-04-20 06:30:44,281 : Computed dev embeddings
2023-04-20 06:30:44,281 : Computing embedding for test
2023-04-20 06:30:45,170 : Computed test embeddings
2023-04-20 06:31:09,096 : Dev : Pearson 0.7896822721614265
2023-04-20 06:31:09,096 : Test : Pearson 0.8078586373912482 Spearman 0.7491375479363264 MSE 0.35363653818780133                        for SICK Relatedness

2023-04-20 06:31:09,099 : ***** Transfer task : SICK-Entailment*****


2023-04-20 06:33:53,247 : Computing embedding for train
2023-04-20 06:33:54,111 : Computed train embeddings
2023-04-20 06:33:54,111 : Computing embedding for dev
2023-04-20 06:33:54,216 : Computed dev embeddings
2023-04-20 06:33:54,216 : Computing embedding for test
2023-04-20 06:33:55,095 : Computed test embeddings
2023-04-20 06:33:55,367 : Training pytorch-MLP-nhid0-adam-bs64 with standard validation..
2023-04-20 06:34:04,871 : [('reg:1e-05', 78.8), ('reg:0.0001', 79.0), ('reg:0.001', 79.0), ('reg:0.01', 76.4)]
2023-04-20 06:34:04,872 : Validation : best param found is reg = 0.0001 with score             79.0
2023-04-20 06:34:04,872 : Evaluating...
2023-04-20 06:34:07,368 : 
Dev acc : 79.0 Test acc : 81.45 for                        SICK entailment

2023-04-20 06:34:07,370 : ***** Transfer task : STS14 *****


/home/lcur1136/SentenceRepresentations_NLI/../SentEval/senteval/sts.py:42: VisibleDeprecationWarning: Creating an ndarray from ragged nested sequences (which is a list-or-tuple of lists-or-tuples-or ndarrays with different lengths or shapes) is deprecated. If you meant to do this, you must specify 'dtype=object' when creating the ndarray.
  sent1 = np.array([s.split() for s in sent1])[not_empty_idx]
/home/lcur1136/SentenceRepresentations_NLI/../SentEval/senteval/sts.py:43: VisibleDeprecationWarning: Creating an ndarray from ragged nested sequences (which is a list-or-tuple of lists-or-tuples-or ndarrays with different lengths or shapes) is deprecated. If you meant to do this, you must specify 'dtype=object' when creating the ndarray.
  sent2 = np.array([s.split() for s in sent2])[not_empty_idx]
2023-04-20 06:36:47,259 : deft-forum : pearson = 0.1678, spearman = 0.1631
2023-04-20 06:36:47,401 : deft-news : pearson = 0.5540, spearman = 0.5031
2023-04-20 06:36:47,579 : headlines : pearson = 0.5183, spearman = 0.4866
2023-04-20 06:36:47,775 : images : pearson = 0.6231, spearman = 0.6114
2023-04-20 06:36:47,964 : OnWN : pearson = 0.3773, spearman = 0.4321
2023-04-20 06:36:48,181 : tweet-news : pearson = 0.5096, spearman = 0.4506
2023-04-20 06:36:48,181 : ALL (weighted average) : Pearson = 0.4701,             Spearman = 0.4559
2023-04-20 06:36:48,181 : ALL (average) : Pearson = 0.4584,             Spearman = 0.4411

BiLSTMEncoder(
  (enc_lstm): LSTM(300, 2048, bidirectional=True)
)
Starting evaluation...
Loading embeddings from dataset/glove.840B.300d.txt, tokenizing with <class 'data.NLTKTokenizer'>.
Loading embeddings from dataset/glove.840B.300d.txt, tokenizing with <class 'data.NLTKTokenizer'>.
Loading embeddings from dataset/glove.840B.300d.txt, tokenizing with <class 'data.NLTKTokenizer'>.
Loading embeddings from dataset/glove.840B.300d.txt, tokenizing with <class 'data.NLTKTokenizer'>.
Loading embeddings from dataset/glove.840B.300d.txt, tokenizing with <class 'data.NLTKTokenizer'>.
Loading embeddings from dataset/glove.840B.300d.txt, tokenizing with <class 'data.NLTKTokenizer'>.
Loading embeddings from dataset/glove.840B.300d.txt, tokenizing with <class 'data.NLTKTokenizer'>.
Loading embeddings from dataset/glove.840B.300d.txt, tokenizing with <class 'data.NLTKTokenizer'>.
Loading embeddings from dataset/glove.840B.300d.txt, tokenizing with <class 'data.NLTKTokenizer'>.
Loading embeddings from dataset/glove.840B.300d.txt, tokenizing with <class 'data.NLTKTokenizer'>.
{'MR': {'devacc': 69.76, 'acc': 68.91, 'ndev': 10662, 'ntest': 10662}, 'CR': {'devacc': 75.18, 'acc': 73.93, 'ndev': 3775, 'ntest': 3775}, 'SUBJ': {'devacc': 84.16, 'acc': 83.33, 'ndev': 10000, 'ntest': 10000}, 'MPQA': {'devacc': 83.68, 'acc': 82.92, 'ndev': 10606, 'ntest': 10606}, 'SST2': {'devacc': 73.74, 'acc': 73.26, 'ndev': 872, 'ntest': 1821}, 'TREC': {'devacc': 67.24, 'acc': 71.8, 'ndev': 5452, 'ntest': 500}, 'MRPC': {'devacc': 71.44, 'acc': 70.14, 'f1': 79.84, 'ndev': 4076, 'ntest': 1725}, 'SICKRelatedness': {'devpearson': 0.7896822721614265, 'pearson': 0.8078586373912482, 'spearman': 0.7491375479363264, 'mse': 0.35363653818780133, 'yhat': array([3.45871925, 3.93256452, 1.0948881 , ..., 3.01074575, 4.25364172,
       4.61698155]), 'ndev': 500, 'ntest': 4927}, 'SICKEntailment': {'devacc': 79.0, 'acc': 81.45, 'ndev': 500, 'ntest': 4927}, 'STS14': {'deft-forum': {'pearson': PearsonRResult(statistic=0.16783124642260885, pvalue=0.0003492511434115053), 'spearman': SignificanceResult(statistic=0.1630529395381654, pvalue=0.0005155944473559489), 'nsamples': 450}, 'deft-news': {'pearson': PearsonRResult(statistic=0.5539581852348768, pvalue=1.581977091251142e-25), 'spearman': SignificanceResult(statistic=0.5030826369621875, pvalue=1.1897154016825536e-20), 'nsamples': 300}, 'headlines': {'pearson': PearsonRResult(statistic=0.5183008422841944, pvalue=8.604208924524821e-53), 'spearman': SignificanceResult(statistic=0.48663289187487474, pvalue=7.587184450211164e-46), 'nsamples': 750}, 'images': {'pearson': PearsonRResult(statistic=0.623117384226159, pvalue=6.939427674049311e-82), 'spearman': SignificanceResult(statistic=0.6114133342801659, pvalue=4.379427279657612e-78), 'nsamples': 750}, 'OnWN': {'pearson': PearsonRResult(statistic=0.3773172804931497, pvalue=8.693992330773717e-27), 'spearman': SignificanceResult(statistic=0.43205376575020316, pvalue=1.8471739632981706e-35), 'nsamples': 750}, 'tweet-news': {'pearson': PearsonRResult(statistic=0.5096483483543871, pvalue=8.041639226877163e-51), 'spearman': SignificanceResult(statistic=0.4505823756954454, pvalue=8.897120021541702e-39), 'nsamples': 750}, 'all': {'pearson': {'mean': 0.4583622145025626, 'wmean': 0.47013317546108124}, 'spearman': {'mean': 0.4411363240168403, 'wmean': 0.4559494372216927}}}}
