2023-04-20 01:50:36,720 : ***** Transfer task : MR *****


2023-04-20 01:53:45,669 : Generating sentence embeddings
2023-04-20 01:53:46,957 : Generated sentence embeddings
2023-04-20 01:53:46,958 : Training pytorch-MLP-nhid0-adam-bs64 with (inner) 10-fold cross-validation
2023-04-20 01:56:43,783 : Best param found at split 1: l2reg = 1e-05                 with score 66.6
2023-04-20 01:59:46,333 : Best param found at split 2: l2reg = 1e-05                 with score 66.9
2023-04-20 02:02:47,620 : Best param found at split 3: l2reg = 0.001                 with score 66.29
2023-04-20 02:05:45,066 : Best param found at split 4: l2reg = 1e-05                 with score 66.87
2023-04-20 02:08:47,533 : Best param found at split 5: l2reg = 1e-05                 with score 66.78
2023-04-20 02:11:50,453 : Best param found at split 6: l2reg = 1e-05                 with score 66.74
2023-04-20 02:14:52,816 : Best param found at split 7: l2reg = 1e-05                 with score 66.79
2023-04-20 02:17:47,440 : Best param found at split 8: l2reg = 0.0001                 with score 66.95
2023-04-20 02:20:37,837 : Best param found at split 9: l2reg = 0.0001                 with score 67.0
2023-04-20 02:23:28,766 : Best param found at split 10: l2reg = 1e-05                 with score 66.59
2023-04-20 02:23:32,993 : Dev acc : 66.75 Test acc : 65.73

2023-04-20 02:23:32,999 : ***** Transfer task : CR *****


2023-04-20 02:26:19,029 : Generating sentence embeddings
2023-04-20 02:26:19,445 : Generated sentence embeddings
2023-04-20 02:26:19,445 : Training pytorch-MLP-nhid0-adam-bs64 with (inner) 10-fold cross-validation
2023-04-20 02:27:15,468 : Best param found at split 1: l2reg = 1e-05                 with score 72.15
2023-04-20 02:28:16,507 : Best param found at split 2: l2reg = 1e-05                 with score 72.39
2023-04-20 02:29:19,848 : Best param found at split 3: l2reg = 0.0001                 with score 72.53
2023-04-20 02:30:17,024 : Best param found at split 4: l2reg = 1e-05                 with score 72.65
2023-04-20 02:31:17,921 : Best param found at split 5: l2reg = 0.0001                 with score 72.53
2023-04-20 02:32:17,765 : Best param found at split 6: l2reg = 1e-05                 with score 72.78
2023-04-20 02:33:18,741 : Best param found at split 7: l2reg = 0.0001                 with score 72.72
2023-04-20 02:34:18,553 : Best param found at split 8: l2reg = 1e-05                 with score 72.19
2023-04-20 02:35:21,182 : Best param found at split 9: l2reg = 1e-05                 with score 72.45
2023-04-20 02:36:21,139 : Best param found at split 10: l2reg = 0.001                 with score 72.78
2023-04-20 02:36:22,315 : Dev acc : 72.52 Test acc : 70.86

2023-04-20 02:36:22,316 : ***** Transfer task : SUBJ *****


2023-04-20 02:39:18,855 : Generating sentence embeddings
2023-04-20 02:39:19,957 : Generated sentence embeddings
2023-04-20 02:39:19,958 : Training pytorch-MLP-nhid0-adam-bs64 with (inner) 10-fold cross-validation
2023-04-20 02:42:32,251 : Best param found at split 1: l2reg = 1e-05                 with score 76.92
2023-04-20 02:45:54,108 : Best param found at split 2: l2reg = 1e-05                 with score 77.16
2023-04-20 02:49:07,238 : Best param found at split 3: l2reg = 1e-05                 with score 77.3
2023-04-20 02:52:18,845 : Best param found at split 4: l2reg = 1e-05                 with score 77.02
2023-04-20 02:55:27,275 : Best param found at split 5: l2reg = 1e-05                 with score 77.1
2023-04-20 02:58:52,956 : Best param found at split 6: l2reg = 1e-05                 with score 77.43
2023-04-20 03:02:11,992 : Best param found at split 7: l2reg = 0.0001                 with score 76.73
2023-04-20 03:05:30,432 : Best param found at split 8: l2reg = 1e-05                 with score 77.26
2023-04-20 03:08:34,149 : Best param found at split 9: l2reg = 0.0001                 with score 76.69
2023-04-20 03:11:58,952 : Best param found at split 10: l2reg = 1e-05                 with score 76.94
2023-04-20 03:12:03,749 : Dev acc : 77.05 Test acc : 76.55

2023-04-20 03:12:03,751 : ***** Transfer task : MPQA *****


2023-04-20 03:14:45,928 : Generating sentence embeddings
2023-04-20 03:14:46,330 : Generated sentence embeddings
2023-04-20 03:14:46,331 : Training pytorch-MLP-nhid0-adam-bs64 with (inner) 10-fold cross-validation
2023-04-20 03:17:59,113 : Best param found at split 1: l2reg = 0.0001                 with score 83.31
2023-04-20 03:21:15,512 : Best param found at split 2: l2reg = 0.0001                 with score 83.3
2023-04-20 03:24:27,587 : Best param found at split 3: l2reg = 1e-05                 with score 82.99
2023-04-20 03:27:44,997 : Best param found at split 4: l2reg = 1e-05                 with score 83.1
2023-04-20 03:30:52,175 : Best param found at split 5: l2reg = 1e-05                 with score 82.98
2023-04-20 03:34:03,465 : Best param found at split 6: l2reg = 0.0001                 with score 83.37
2023-04-20 03:37:18,947 : Best param found at split 7: l2reg = 1e-05                 with score 83.12
2023-04-20 03:40:28,011 : Best param found at split 8: l2reg = 1e-05                 with score 82.96
2023-04-20 03:43:49,096 : Best param found at split 9: l2reg = 1e-05                 with score 83.47
2023-04-20 03:46:59,538 : Best param found at split 10: l2reg = 0.0001                 with score 83.09
2023-04-20 03:47:04,818 : Dev acc : 83.17 Test acc : 82.77

2023-04-20 03:47:04,820 : ***** Transfer task : SST Binary classification *****


2023-04-20 03:50:21,499 : Computing embedding for train
2023-04-20 03:50:25,504 : Computed train embeddings
2023-04-20 03:50:25,504 : Computing embedding for dev
2023-04-20 03:50:25,614 : Computed dev embeddings
2023-04-20 03:50:25,615 : Computing embedding for test
2023-04-20 03:50:25,776 : Computed test embeddings
2023-04-20 03:50:25,776 : Training pytorch-MLP-nhid0-adam-bs64 with standard validation..
2023-04-20 03:52:12,592 : [('reg:1e-05', 69.72), ('reg:0.0001', 69.5), ('reg:0.001', 68.69), ('reg:0.01', 65.83)]
2023-04-20 03:52:12,593 : Validation : best param found is reg = 1e-05 with score             69.72
2023-04-20 03:52:12,593 : Evaluating...
2023-04-20 03:52:40,714 : 
Dev acc : 69.72 Test acc : 69.08 for             SST Binary classification

2023-04-20 03:52:40,716 : ***** Transfer task : TREC *****


2023-04-20 03:55:23,768 : Computed train embeddings
2023-04-20 03:55:23,793 : Computed test embeddings
2023-04-20 03:55:23,794 : Training pytorch-MLP-nhid0-adam-bs64 with 10-fold cross-validation
2023-04-20 03:57:15,570 : [('reg:1e-05', 49.51), ('reg:0.0001', 49.12), ('reg:0.001', 48.26), ('reg:0.01', 41.97)]
2023-04-20 03:57:15,570 : Cross-validation : best param found is reg = 1e-05             with score 49.51
2023-04-20 03:57:15,570 : Evaluating...
2023-04-20 03:57:18,617 : 
Dev acc : 49.51 Test acc : 58.6             for TREC

2023-04-20 03:57:18,618 : ***** Transfer task : MRPC *****


2023-04-20 04:00:13,657 : Computing embedding for train
2023-04-20 04:00:14,525 : Computed train embeddings
2023-04-20 04:00:14,525 : Computing embedding for test
2023-04-20 04:00:14,880 : Computed test embeddings
2023-04-20 04:00:14,958 : Training pytorch-MLP-nhid0-adam-bs64 with 10-fold cross-validation
2023-04-20 04:01:29,634 : [('reg:1e-05', 70.54), ('reg:0.0001', 70.49), ('reg:0.001', 70.34), ('reg:0.01', 69.99)]
2023-04-20 04:01:29,634 : Cross-validation : best param found is reg = 1e-05             with score 70.54
2023-04-20 04:01:29,634 : Evaluating...
2023-04-20 04:01:31,209 : Dev acc : 70.54 Test acc 70.43; Test F1 79.68 for MRPC.

2023-04-20 04:01:31,211 : ***** Transfer task : SICK-Relatedness*****


2023-04-20 04:04:19,157 : Computing embedding for train
2023-04-20 04:04:19,730 : Computed train embeddings
2023-04-20 04:04:19,730 : Computing embedding for dev
2023-04-20 04:04:19,802 : Computed dev embeddings
2023-04-20 04:04:19,802 : Computing embedding for test
2023-04-20 04:04:20,357 : Computed test embeddings
2023-04-20 04:04:37,302 : Dev : Pearson 0.7708231715818634
2023-04-20 04:04:37,302 : Test : Pearson 0.7866999661217551 Spearman 0.7239836089174423 MSE 0.39081773293248717                        for SICK Relatedness

2023-04-20 04:04:37,304 : ***** Transfer task : SICK-Entailment*****


2023-04-20 04:07:22,938 : Computing embedding for train
2023-04-20 04:07:23,503 : Computed train embeddings
2023-04-20 04:07:23,504 : Computing embedding for dev
2023-04-20 04:07:23,568 : Computed dev embeddings
2023-04-20 04:07:23,568 : Computing embedding for test
2023-04-20 04:07:24,120 : Computed test embeddings
2023-04-20 04:07:24,260 : Training pytorch-MLP-nhid0-adam-bs64 with standard validation..
2023-04-20 04:07:34,660 : [('reg:1e-05', 79.2), ('reg:0.0001', 79.2), ('reg:0.001', 77.4), ('reg:0.01', 74.2)]
2023-04-20 04:07:34,661 : Validation : best param found is reg = 1e-05 with score             79.2
2023-04-20 04:07:34,661 : Evaluating...
2023-04-20 04:07:37,674 : 
Dev acc : 79.2 Test acc : 80.17 for                        SICK entailment

2023-04-20 04:07:37,676 : ***** Transfer task : STS14 *****


/home/lcur1136/SentenceRepresentations_NLI/../SentEval/senteval/sts.py:42: VisibleDeprecationWarning: Creating an ndarray from ragged nested sequences (which is a list-or-tuple of lists-or-tuples-or ndarrays with different lengths or shapes) is deprecated. If you meant to do this, you must specify 'dtype=object' when creating the ndarray.
  sent1 = np.array([s.split() for s in sent1])[not_empty_idx]
/home/lcur1136/SentenceRepresentations_NLI/../SentEval/senteval/sts.py:43: VisibleDeprecationWarning: Creating an ndarray from ragged nested sequences (which is a list-or-tuple of lists-or-tuples-or ndarrays with different lengths or shapes) is deprecated. If you meant to do this, you must specify 'dtype=object' when creating the ndarray.
  sent2 = np.array([s.split() for s in sent2])[not_empty_idx]
2023-04-20 04:10:23,031 : deft-forum : pearson = 0.3496, spearman = 0.3952
2023-04-20 04:10:23,139 : deft-news : pearson = 0.5005, spearman = 0.4551
2023-04-20 04:10:23,295 : headlines : pearson = 0.4259, spearman = 0.4072
2023-04-20 04:10:23,462 : images : pearson = 0.6385, spearman = 0.6304
2023-04-20 04:10:23,617 : OnWN : pearson = 0.4698, spearman = 0.5331
2023-04-20 04:10:23,785 : tweet-news : pearson = 0.4047, spearman = 0.3832
2023-04-20 04:10:23,786 : ALL (weighted average) : Pearson = 0.4698,             Spearman = 0.4746
2023-04-20 04:10:23,786 : ALL (average) : Pearson = 0.4648,             Spearman = 0.4674

LSTMEncoder(
  (enc_lstm): LSTM(300, 2048)
)
Starting evaluation...
Loading embeddings from dataset/glove.840B.300d.txt, tokenizing with <class 'data.NLTKTokenizer'>.
Loading embeddings from dataset/glove.840B.300d.txt, tokenizing with <class 'data.NLTKTokenizer'>.
Loading embeddings from dataset/glove.840B.300d.txt, tokenizing with <class 'data.NLTKTokenizer'>.
Loading embeddings from dataset/glove.840B.300d.txt, tokenizing with <class 'data.NLTKTokenizer'>.
Loading embeddings from dataset/glove.840B.300d.txt, tokenizing with <class 'data.NLTKTokenizer'>.
Loading embeddings from dataset/glove.840B.300d.txt, tokenizing with <class 'data.NLTKTokenizer'>.
Loading embeddings from dataset/glove.840B.300d.txt, tokenizing with <class 'data.NLTKTokenizer'>.
Loading embeddings from dataset/glove.840B.300d.txt, tokenizing with <class 'data.NLTKTokenizer'>.
Loading embeddings from dataset/glove.840B.300d.txt, tokenizing with <class 'data.NLTKTokenizer'>.
Loading embeddings from dataset/glove.840B.300d.txt, tokenizing with <class 'data.NLTKTokenizer'>.
{'MR': {'devacc': 66.75, 'acc': 65.73, 'ndev': 10662, 'ntest': 10662}, 'CR': {'devacc': 72.52, 'acc': 70.86, 'ndev': 3775, 'ntest': 3775}, 'SUBJ': {'devacc': 77.05, 'acc': 76.55, 'ndev': 10000, 'ntest': 10000}, 'MPQA': {'devacc': 83.17, 'acc': 82.77, 'ndev': 10606, 'ntest': 10606}, 'SST2': {'devacc': 69.72, 'acc': 69.08, 'ndev': 872, 'ntest': 1821}, 'TREC': {'devacc': 49.51, 'acc': 58.6, 'ndev': 5452, 'ntest': 500}, 'MRPC': {'devacc': 70.54, 'acc': 70.43, 'f1': 79.68, 'ndev': 4076, 'ntest': 1725}, 'SICKRelatedness': {'devpearson': 0.7708231715818634, 'pearson': 0.7866999661217551, 'spearman': 0.7239836089174423, 'mse': 0.39081773293248717, 'yhat': array([2.70101199, 3.73861592, 1.19116207, ..., 3.01522723, 4.21595498,
       4.48208269]), 'ndev': 500, 'ntest': 4927}, 'SICKEntailment': {'devacc': 79.2, 'acc': 80.17, 'ndev': 500, 'ntest': 4927}, 'STS14': {'deft-forum': {'pearson': PearsonRResult(statistic=0.3496012481780979, pvalue=2.2084542292282112e-14), 'spearman': SignificanceResult(statistic=0.39519184286683856, pvalue=2.8479664270063765e-18), 'nsamples': 450}, 'deft-news': {'pearson': PearsonRResult(statistic=0.5005359909045698, pvalue=1.9890498464676613e-20), 'spearman': SignificanceResult(statistic=0.4550861054491371, pvalue=9.644214487702978e-17), 'nsamples': 300}, 'headlines': {'pearson': PearsonRResult(statistic=0.4258987609802486, pvalue=2.1077848111189686e-34), 'spearman': SignificanceResult(statistic=0.40718804729682484, pvalue=2.5516564464411224e-31), 'nsamples': 750}, 'images': {'pearson': PearsonRResult(statistic=0.6385206461852748, pvalue=3.8643575981241156e-87), 'spearman': SignificanceResult(statistic=0.6303542284821056, pvalue=2.5686896012696624e-84), 'nsamples': 750}, 'OnWN': {'pearson': PearsonRResult(statistic=0.4697561353872356, pvalue=1.9705131672223233e-42), 'spearman': SignificanceResult(statistic=0.5330994508077818, pvalue=2.6903699521409075e-56), 'nsamples': 750}, 'tweet-news': {'pearson': PearsonRResult(statistic=0.4046511676953667, pvalue=6.456707056841651e-31), 'spearman': SignificanceResult(statistic=0.38321206244096256, pvalue=1.2059200740144518e-27), 'nsamples': 750}, 'all': {'pearson': {'mean': 0.46482732488846557, 'wmean': 0.46976037110336244}, 'spearman': {'mean': 0.46735528955727507, 'wmean': 0.47460066738548656}}}}
