[nltk_data] Downloading package punkt to /home/lcur1136/nltk_data...
[nltk_data]   Package punkt is already up-to-date!
Found cached dataset snli (/home/lcur1136/.cache/huggingface/datasets/snli/plain_text/1.0.0/1f60b67533b65ae0275561ff7828aad5ee4282d0e6f844fd148d05d3c6ea251b)
Models running on device:  cuda
  0%|          | 0/3 [00:00<?, ?it/s]100%|██████████| 3/3 [00:00<00:00, 638.92it/s]
Loading cached processed dataset at /home/lcur1136/.cache/huggingface/datasets/snli/plain_text/1.0.0/1f60b67533b65ae0275561ff7828aad5ee4282d0e6f844fd148d05d3c6ea251b/cache-26da30925fbad333.arrow
Loading cached processed dataset at /home/lcur1136/.cache/huggingface/datasets/snli/plain_text/1.0.0/1f60b67533b65ae0275561ff7828aad5ee4282d0e6f844fd148d05d3c6ea251b/cache-030550b06704f0a9.arrow
Loading cached processed dataset at /home/lcur1136/.cache/huggingface/datasets/snli/plain_text/1.0.0/1f60b67533b65ae0275561ff7828aad5ee4282d0e6f844fd148d05d3c6ea251b/cache-5f71913ab959d4e9.arrow
Loading cached processed dataset at /home/lcur1136/.cache/huggingface/datasets/snli/plain_text/1.0.0/1f60b67533b65ae0275561ff7828aad5ee4282d0e6f844fd148d05d3c6ea251b/cache-d4ba7e085145c696.arrow
Loading cached processed dataset at /home/lcur1136/.cache/huggingface/datasets/snli/plain_text/1.0.0/1f60b67533b65ae0275561ff7828aad5ee4282d0e6f844fd148d05d3c6ea251b/cache-a34bde53a6f7997e.arrow
Loading cached processed dataset at /home/lcur1136/.cache/huggingface/datasets/snli/plain_text/1.0.0/1f60b67533b65ae0275561ff7828aad5ee4282d0e6f844fd148d05d3c6ea251b/cache-a056c3b7d52f421a.arrow
Loading saved Vocabulary from dataset/vocab.pickle
SentenceClassifier(
  (embed): Embedding(33146, 300)
  (encoder): BiLSTMEncoder(
    (enc_lstm): LSTM(300, 2048, bidirectional=True)
  )
  (layers): Sequential(
    (0): Linear(in_features=16384, out_features=512, bias=True)
    (1): Tanh()
    (2): Linear(in_features=512, out_features=512, bias=True)
    (3): Tanh()
    (4): Linear(in_features=512, out_features=3, bias=True)
  )
)
Adjusting learning rate of group 0 to 1.0000e-01.
  0%|          | 0/20 [00:00<?, ?it/s]  5%|▌         | 1/20 [11:49<3:44:45, 709.75s/it] 10%|█         | 2/20 [23:38<3:32:47, 709.28s/it] 15%|█▌        | 3/20 [35:28<3:20:58, 709.30s/it] 20%|██        | 4/20 [47:15<3:08:57, 708.60s/it] 25%|██▌       | 5/20 [59:03<2:57:04, 708.31s/it] 30%|███       | 6/20 [1:10:50<2:45:12, 708.05s/it] 35%|███▌      | 7/20 [1:22:38<2:33:23, 708.00s/it] 35%|███▌      | 7/20 [1:34:26<2:55:24, 809.55s/it]
Shuffling training data
Batch number 1000
Batch number 2000
Batch number 3000
Batch number 4000
Batch number 5000
Batch number 6000
Batch number 7000
Batch number 8000
Training Loss: 7206.202874422073
Validation Loss: 112.25015258789062
Validation Accuracy: 0.6843121316805527
new highscore
Adjusting learning rate of group 0 to 1.9800e-02.
Shuffling training data
Batch number 1000
Batch number 2000
Batch number 3000
Batch number 4000
Batch number 5000
Batch number 6000
Batch number 7000
Batch number 8000
Training Loss: 5788.7557236254215
Validation Loss: 104.30016326904297
Validation Accuracy: 0.7143873196504775
new highscore
Adjusting learning rate of group 0 to 3.9204e-03.
Shuffling training data
Batch number 1000
Batch number 2000
Batch number 3000
Batch number 4000
Batch number 5000
Batch number 6000
Batch number 7000
Batch number 8000
Training Loss: 5363.542992770672
Validation Loss: 101.43724060058594
Validation Accuracy: 0.7247510668563301
new highscore
Adjusting learning rate of group 0 to 7.7624e-04.
Shuffling training data
Batch number 1000
Batch number 2000
Batch number 3000
Batch number 4000
Batch number 5000
Batch number 6000
Batch number 7000
Batch number 8000
Training Loss: 5226.009210884571
Validation Loss: 100.9422378540039
Validation Accuracy: 0.7264783580573054
new highscore
Adjusting learning rate of group 0 to 1.5370e-04.
Shuffling training data
Batch number 1000
Batch number 2000
Batch number 3000
Batch number 4000
Batch number 5000
Batch number 6000
Batch number 7000
Batch number 8000
Training Loss: 5193.183692902327
Validation Loss: 100.93416595458984
Validation Accuracy: 0.7268847795163584
new highscore
Adjusting learning rate of group 0 to 3.0432e-05.
Shuffling training data
Batch number 1000
Batch number 2000
Batch number 3000
Batch number 4000
Batch number 5000
Batch number 6000
Batch number 7000
Batch number 8000
Training Loss: 5186.328723371029
Validation Loss: 100.93219757080078
Validation Accuracy: 0.7267831741515952
Adjusting learning rate of group 0 to 3.0127e-05.
Shuffling training data
Batch number 1000
Batch number 2000
Batch number 3000
Batch number 4000
Batch number 5000
Batch number 6000
Batch number 7000
Batch number 8000
Training Loss: 5185.074193507433
Validation Loss: 100.92063903808594
Validation Accuracy: 0.7268847795163584
Adjusting learning rate of group 0 to 2.9826e-05.
Shuffling training data
Batch number 1000
Batch number 2000
Batch number 3000
Batch number 4000
Batch number 5000
Batch number 6000
Batch number 7000
Batch number 8000
Training Loss: 5183.837433218956
Validation Loss: 100.923095703125
Validation Accuracy: 0.7271895956106482
new highscore
Training stopped due to LR limit.
Loading best model to test...
Test Accuracy: 0.7294381107491856
