[nltk_data] Downloading package punkt to /home/lcur1136/nltk_data...
[nltk_data]   Package punkt is already up-to-date!
Found cached dataset snli (/home/lcur1136/.cache/huggingface/datasets/snli/plain_text/1.0.0/1f60b67533b65ae0275561ff7828aad5ee4282d0e6f844fd148d05d3c6ea251b)
Models running on device:  cuda
  0%|          | 0/3 [00:00<?, ?it/s]100%|██████████| 3/3 [00:00<00:00, 82.04it/s]
Loading cached processed dataset at /home/lcur1136/.cache/huggingface/datasets/snli/plain_text/1.0.0/1f60b67533b65ae0275561ff7828aad5ee4282d0e6f844fd148d05d3c6ea251b/cache-26da30925fbad333.arrow
Loading cached processed dataset at /home/lcur1136/.cache/huggingface/datasets/snli/plain_text/1.0.0/1f60b67533b65ae0275561ff7828aad5ee4282d0e6f844fd148d05d3c6ea251b/cache-030550b06704f0a9.arrow
Loading cached processed dataset at /home/lcur1136/.cache/huggingface/datasets/snli/plain_text/1.0.0/1f60b67533b65ae0275561ff7828aad5ee4282d0e6f844fd148d05d3c6ea251b/cache-5f71913ab959d4e9.arrow
Loading cached processed dataset at /home/lcur1136/.cache/huggingface/datasets/snli/plain_text/1.0.0/1f60b67533b65ae0275561ff7828aad5ee4282d0e6f844fd148d05d3c6ea251b/cache-d4ba7e085145c696.arrow
Loading cached processed dataset at /home/lcur1136/.cache/huggingface/datasets/snli/plain_text/1.0.0/1f60b67533b65ae0275561ff7828aad5ee4282d0e6f844fd148d05d3c6ea251b/cache-a34bde53a6f7997e.arrow
Loading cached processed dataset at /home/lcur1136/.cache/huggingface/datasets/snli/plain_text/1.0.0/1f60b67533b65ae0275561ff7828aad5ee4282d0e6f844fd148d05d3c6ea251b/cache-a056c3b7d52f421a.arrow
Loading saved Vocabulary from dataset/vocab.pickle
SentenceClassifier(
  (embed): Embedding(33146, 300)
  (encoder): LSTMEncoder(
    (enc_lstm): LSTM(300, 2048)
  )
  (layers): Sequential(
    (0): Linear(in_features=8192, out_features=512, bias=True)
    (1): Tanh()
    (2): Linear(in_features=512, out_features=512, bias=True)
    (3): Tanh()
    (4): Linear(in_features=512, out_features=3, bias=True)
  )
)
Adjusting learning rate of group 0 to 1.0000e-01.
  0%|          | 0/20 [00:00<?, ?it/s]  5%|▌         | 1/20 [06:40<2:06:50, 400.54s/it] 10%|█         | 2/20 [13:21<2:00:18, 401.01s/it] 15%|█▌        | 3/20 [20:00<1:53:15, 399.74s/it] 20%|██        | 4/20 [26:39<1:46:34, 399.65s/it] 25%|██▌       | 5/20 [33:17<1:39:47, 399.18s/it] 30%|███       | 6/20 [39:56<1:33:06, 399.02s/it] 35%|███▌      | 7/20 [46:34<1:26:23, 398.72s/it] 35%|███▌      | 7/20 [53:13<1:38:50, 456.22s/it]
Shuffling training data
Batch number 1000
Batch number 2000
Batch number 3000
Batch number 4000
Batch number 5000
Batch number 6000
Batch number 7000
Batch number 8000
Training Loss: 7588.288965463638
Validation Loss: 117.72637176513672
Validation Accuracy: 0.6657183499288762
new highscore
Adjusting learning rate of group 0 to 1.9800e-02.
Shuffling training data
Batch number 1000
Batch number 2000
Batch number 3000
Batch number 4000
Batch number 5000
Batch number 6000
Batch number 7000
Batch number 8000
Training Loss: 6143.181611597538
Validation Loss: 107.56986999511719
Validation Accuracy: 0.6986384881121723
new highscore
Adjusting learning rate of group 0 to 3.9204e-03.
Shuffling training data
Batch number 1000
Batch number 2000
Batch number 3000
Batch number 4000
Batch number 5000
Batch number 6000
Batch number 7000
Batch number 8000
Training Loss: 5719.139708936214
Validation Loss: 104.01244354248047
Validation Accuracy: 0.7127616338142654
new highscore
Adjusting learning rate of group 0 to 7.7624e-04.
Shuffling training data
Batch number 1000
Batch number 2000
Batch number 3000
Batch number 4000
Batch number 5000
Batch number 6000
Batch number 7000
Batch number 8000
Training Loss: 5592.381024718285
Validation Loss: 103.38583374023438
Validation Accuracy: 0.7171306644990856
new highscore
Adjusting learning rate of group 0 to 1.5370e-04.
Shuffling training data
Batch number 1000
Batch number 2000
Batch number 3000
Batch number 4000
Batch number 5000
Batch number 6000
Batch number 7000
Batch number 8000
Training Loss: 5561.70289644599
Validation Loss: 103.31853485107422
Validation Accuracy: 0.7156065840276367
Adjusting learning rate of group 0 to 1.5216e-04.
Shuffling training data
Batch number 1000
Batch number 2000
Batch number 3000
Batch number 4000
Batch number 5000
Batch number 6000
Batch number 7000
Batch number 8000
Training Loss: 5555.797777980566
Validation Loss: 103.28736114501953
Validation Accuracy: 0.7176386913229018
new highscore
Adjusting learning rate of group 0 to 3.0127e-05.
Shuffling training data
Batch number 1000
Batch number 2000
Batch number 3000
Batch number 4000
Batch number 5000
Batch number 6000
Batch number 7000
Batch number 8000
Training Loss: 5549.874948620796
Validation Loss: 103.22771453857422
Validation Accuracy: 0.7171306644990856
Adjusting learning rate of group 0 to 2.9826e-05.
Shuffling training data
Batch number 1000
Batch number 2000
Batch number 3000
Batch number 4000
Batch number 5000
Batch number 6000
Batch number 7000
Batch number 8000
Training Loss: 5548.693123996258
Validation Loss: 103.21994018554688
Validation Accuracy: 0.7178419020524284
new highscore
Training stopped due to LR limit.
Loading best model to test...
Test Accuracy: 0.7174267100977199
